2020-12-17 09:02:02,648 - Left side (${logicDeleteFieldName}) of '==' operation has null value. If it is a reference, it may not be in the context or its toString() returned null. /templates/entity.java.vm[line 96, column 30]
2020-12-17 09:02:02,648 - Left side (${versionFieldName}) of '==' operation has null value. If it is a reference, it may not be in the context or its toString() returned null. /templates/entity.java.vm[line 92, column 26]
2020-12-17 09:02:02,649 - Left side (${logicDeleteFieldName}) of '==' operation has null value. If it is a reference, it may not be in the context or its toString() returned null. /templates/entity.java.vm[line 96, column 30]
2020-12-17 09:02:02,649 - Left side (${versionFieldName}) of '==' operation has null value. If it is a reference, it may not be in the context or its toString() returned null. /templates/entity.java.vm[line 92, column 26]
2020-12-17 09:02:02,650 - Left side (${logicDeleteFieldName}) of '==' operation has null value. If it is a reference, it may not be in the context or its toString() returned null. /templates/entity.java.vm[line 96, column 30]
2020-12-17 09:02:02,650 - Left side (${versionFieldName}) of '==' operation has null value. If it is a reference, it may not be in the context or its toString() returned null. /templates/entity.java.vm[line 92, column 26]
2020-12-17 09:02:02,650 - Left side (${logicDeleteFieldName}) of '==' operation has null value. If it is a reference, it may not be in the context or its toString() returned null. /templates/entity.java.vm[line 96, column 30]
2020-12-17 09:02:02,651 - Left side (${versionFieldName}) of '==' operation has null value. If it is a reference, it may not be in the context or its toString() returned null. /templates/entity.java.vm[line 92, column 26]
2020-12-17 09:02:02,651 - Left side (${logicDeleteFieldName}) of '==' operation has null value. If it is a reference, it may not be in the context or its toString() returned null. /templates/entity.java.vm[line 96, column 30]
2020-12-17 09:02:02,688 - ResourceManager : found /templates/mapper.java.vm with loader org.apache.velocity.runtime.resource.loader.ClasspathResourceLoader
2020-12-17 09:02:02,696 - ResourceManager : found /templates/service.java.vm with loader org.apache.velocity.runtime.resource.loader.ClasspathResourceLoader
2020-12-17 09:02:02,708 - ResourceManager : found /templates/serviceImpl.java.vm with loader org.apache.velocity.runtime.resource.loader.ClasspathResourceLoader
2020-12-17 09:02:02,732 - ResourceManager : found /templates/controller.java.vm with loader org.apache.velocity.runtime.resource.loader.ClasspathResourceLoader
2020-12-17 09:02:02,752 - ResourceManager : found /templates/mapper.xml.vm with loader org.apache.velocity.runtime.resource.loader.ClasspathResourceLoader
2020-12-17 09:02:02,812 - ResourceManager : found /templates/entity.java.vm with loader org.apache.velocity.runtime.resource.loader.ClasspathResourceLoader
2020-12-17 09:02:02,816 - Left side (${versionFieldName}) of '==' operation has null value. If it is a reference, it may not be in the context or its toString() returned null. /templates/entity.java.vm[line 92, column 26]
2020-12-17 09:02:02,816 - Left side (${logicDeleteFieldName}) of '==' operation has null value. If it is a reference, it may not be in the context or its toString() returned null. /templates/entity.java.vm[line 96, column 30]
2020-12-17 09:02:02,817 - Left side (${versionFieldName}) of '==' operation has null value. If it is a reference, it may not be in the context or its toString() returned null. /templates/entity.java.vm[line 92, column 26]
2020-12-17 09:02:02,817 - Left side (${logicDeleteFieldName}) of '==' operation has null value. If it is a reference, it may not be in the context or its toString() returned null. /templates/entity.java.vm[line 96, column 30]
2020-12-17 09:02:02,817 - Left side (${versionFieldName}) of '==' operation has null value. If it is a reference, it may not be in the context or its toString() returned null. /templates/entity.java.vm[line 92, column 26]
2020-12-17 09:02:02,817 - Left side (${logicDeleteFieldName}) of '==' operation has null value. If it is a reference, it may not be in the context or its toString() returned null. /templates/entity.java.vm[line 96, column 30]
2020-12-17 09:02:02,818 - Left side (${versionFieldName}) of '==' operation has null value. If it is a reference, it may not be in the context or its toString() returned null. /templates/entity.java.vm[line 92, column 26]
2020-12-17 09:02:02,818 - Left side (${logicDeleteFieldName}) of '==' operation has null value. If it is a reference, it may not be in the context or its toString() returned null. /templates/entity.java.vm[line 96, column 30]
2020-12-17 09:02:02,821 - ResourceManager : found /templates/mapper.java.vm with loader org.apache.velocity.runtime.resource.loader.ClasspathResourceLoader
2020-12-17 09:02:02,892 - ResourceManager : found /templates/service.java.vm with loader org.apache.velocity.runtime.resource.loader.ClasspathResourceLoader
2020-12-17 09:02:02,908 - ResourceManager : found /templates/serviceImpl.java.vm with loader org.apache.velocity.runtime.resource.loader.ClasspathResourceLoader
2020-12-17 09:02:02,916 - ResourceManager : found /templates/controller.java.vm with loader org.apache.velocity.runtime.resource.loader.ClasspathResourceLoader
2020-12-17 09:02:02,923 - ResourceManager : found /templates/mapper.xml.vm with loader org.apache.velocity.runtime.resource.loader.ClasspathResourceLoader
2020-12-17 09:02:02,980 - ResourceManager : found /templates/entity.java.vm with loader org.apache.velocity.runtime.resource.loader.ClasspathResourceLoader
2020-12-17 09:02:02,984 - Left side (${versionFieldName}) of '==' operation has null value. If it is a reference, it may not be in the context or its toString() returned null. /templates/entity.java.vm[line 92, column 26]
2020-12-17 09:02:02,984 - Left side (${logicDeleteFieldName}) of '==' operation has null value. If it is a reference, it may not be in the context or its toString() returned null. /templates/entity.java.vm[line 96, column 30]
2020-12-17 09:02:02,986 - Left side (${versionFieldName}) of '==' operation has null value. If it is a reference, it may not be in the context or its toString() returned null. /templates/entity.java.vm[line 92, column 26]
2020-12-17 09:02:02,986 - Left side (${logicDeleteFieldName}) of '==' operation has null value. If it is a reference, it may not be in the context or its toString() returned null. /templates/entity.java.vm[line 96, column 30]
2020-12-17 09:02:02,986 - Left side (${versionFieldName}) of '==' operation has null value. If it is a reference, it may not be in the context or its toString() returned null. /templates/entity.java.vm[line 92, column 26]
2020-12-17 09:02:02,990 - Left side (${logicDeleteFieldName}) of '==' operation has null value. If it is a reference, it may not be in the context or its toString() returned null. /templates/entity.java.vm[line 96, column 30]
2020-12-17 09:02:02,990 - Left side (${versionFieldName}) of '==' operation has null value. If it is a reference, it may not be in the context or its toString() returned null. /templates/entity.java.vm[line 92, column 26]
2020-12-17 09:02:02,991 - Left side (${logicDeleteFieldName}) of '==' operation has null value. If it is a reference, it may not be in the context or its toString() returned null. /templates/entity.java.vm[line 96, column 30]
2020-12-17 09:02:03,001 - ResourceManager : found /templates/mapper.java.vm with loader org.apache.velocity.runtime.resource.loader.ClasspathResourceLoader
2020-12-17 09:02:03,004 - ResourceManager : found /templates/service.java.vm with loader org.apache.velocity.runtime.resource.loader.ClasspathResourceLoader
2020-12-17 09:02:03,009 - ResourceManager : found /templates/serviceImpl.java.vm with loader org.apache.velocity.runtime.resource.loader.ClasspathResourceLoader
2020-12-17 09:02:03,013 - ResourceManager : found /templates/controller.java.vm with loader org.apache.velocity.runtime.resource.loader.ClasspathResourceLoader
2020-12-17 09:02:03,020 - ResourceManager : found /templates/mapper.xml.vm with loader org.apache.velocity.runtime.resource.loader.ClasspathResourceLoader
2020-12-17 09:02:03,045 - ResourceManager : found /templates/entity.java.vm with loader org.apache.velocity.runtime.resource.loader.ClasspathResourceLoader
2020-12-17 09:02:03,046 - Left side (${versionFieldName}) of '==' operation has null value. If it is a reference, it may not be in the context or its toString() returned null. /templates/entity.java.vm[line 92, column 26]
2020-12-17 09:02:03,046 - Left side (${logicDeleteFieldName}) of '==' operation has null value. If it is a reference, it may not be in the context or its toString() returned null. /templates/entity.java.vm[line 96, column 30]
2020-12-17 09:02:03,047 - Left side (${versionFieldName}) of '==' operation has null value. If it is a reference, it may not be in the context or its toString() returned null. /templates/entity.java.vm[line 92, column 26]
2020-12-17 09:02:03,047 - Left side (${logicDeleteFieldName}) of '==' operation has null value. If it is a reference, it may not be in the context or its toString() returned null. /templates/entity.java.vm[line 96, column 30]
2020-12-17 09:02:03,048 - Left side (${versionFieldName}) of '==' operation has null value. If it is a reference, it may not be in the context or its toString() returned null. /templates/entity.java.vm[line 92, column 26]
2020-12-17 09:02:03,048 - Left side (${logicDeleteFieldName}) of '==' operation has null value. If it is a reference, it may not be in the context or its toString() returned null. /templates/entity.java.vm[line 96, column 30]
2020-12-17 09:02:03,078 - ResourceManager : found /templates/mapper.java.vm with loader org.apache.velocity.runtime.resource.loader.ClasspathResourceLoader
2020-12-17 09:02:03,129 - ResourceManager : found /templates/service.java.vm with loader org.apache.velocity.runtime.resource.loader.ClasspathResourceLoader
2020-12-17 09:02:03,134 - ResourceManager : found /templates/serviceImpl.java.vm with loader org.apache.velocity.runtime.resource.loader.ClasspathResourceLoader
2020-12-17 09:02:03,147 - ResourceManager : found /templates/controller.java.vm with loader org.apache.velocity.runtime.resource.loader.ClasspathResourceLoader
2020-12-17 09:02:03,152 - ResourceManager : found /templates/mapper.xml.vm with loader org.apache.velocity.runtime.resource.loader.ClasspathResourceLoader
2020-12-17 09:02:03,211 - ResourceManager : found /templates/entity.java.vm with loader org.apache.velocity.runtime.resource.loader.ClasspathResourceLoader
2020-12-17 09:02:03,212 - Left side (${versionFieldName}) of '==' operation has null value. If it is a reference, it may not be in the context or its toString() returned null. /templates/entity.java.vm[line 92, column 26]
2020-12-17 09:02:03,212 - Left side (${logicDeleteFieldName}) of '==' operation has null value. If it is a reference, it may not be in the context or its toString() returned null. /templates/entity.java.vm[line 96, column 30]
2020-12-17 09:02:03,213 - Left side (${versionFieldName}) of '==' operation has null value. If it is a reference, it may not be in the context or its toString() returned null. /templates/entity.java.vm[line 92, column 26]
2020-12-17 09:02:03,213 - Left side (${logicDeleteFieldName}) of '==' operation has null value. If it is a reference, it may not be in the context or its toString() returned null. /templates/entity.java.vm[line 96, column 30]
2020-12-17 09:02:03,213 - Left side (${versionFieldName}) of '==' operation has null value. If it is a reference, it may not be in the context or its toString() returned null. /templates/entity.java.vm[line 92, column 26]
2020-12-17 09:02:03,213 - Left side (${logicDeleteFieldName}) of '==' operation has null value. If it is a reference, it may not be in the context or its toString() returned null. /templates/entity.java.vm[line 96, column 30]
2020-12-17 09:02:03,218 - ResourceManager : found /templates/mapper.java.vm with loader org.apache.velocity.runtime.resource.loader.ClasspathResourceLoader
2020-12-17 09:02:03,223 - ResourceManager : found /templates/service.java.vm with loader org.apache.velocity.runtime.resource.loader.ClasspathResourceLoader
2020-12-17 09:02:03,238 - ResourceManager : found /templates/serviceImpl.java.vm with loader org.apache.velocity.runtime.resource.loader.ClasspathResourceLoader
2020-12-17 09:02:03,244 - ResourceManager : found /templates/controller.java.vm with loader org.apache.velocity.runtime.resource.loader.ClasspathResourceLoader
2020-12-17 09:24:26,918 - Log4JLogChute initialized using file 'velocity.log'
2020-12-17 09:24:26,931 - Initializing Velocity, Calling init()...
2020-12-17 09:24:26,932 - Starting Apache Velocity v1.7 (compiled: 2010-11-19 12:14:37)
2020-12-17 09:24:26,932 - Default Properties File: org\apache\velocity\runtime\defaults\velocity.properties
2020-12-17 09:24:26,932 - Trying to use logger class org.apache.velocity.runtime.log.AvalonLogChute
2020-12-17 09:24:26,932 - Target log system for org.apache.velocity.runtime.log.AvalonLogChute is not available (java.lang.NoClassDefFoundError: org/apache/log/format/Formatter).  Falling back to next log system...
2020-12-17 09:24:26,932 - Trying to use logger class org.apache.velocity.runtime.log.Log4JLogChute
2020-12-17 09:24:26,932 - Using logger class org.apache.velocity.runtime.log.Log4JLogChute
2020-12-17 09:24:26,937 - ResourceLoader instantiated: org.apache.velocity.runtime.resource.loader.ClasspathResourceLoader
2020-12-17 09:24:26,953 - ResourceCache: initialized (class org.apache.velocity.runtime.resource.ResourceCacheImpl) with class java.util.Collections$SynchronizedMap cache map.
2020-12-17 09:24:26,955 - Loaded System Directive: org.apache.velocity.runtime.directive.Stop
2020-12-17 09:24:26,958 - Loaded System Directive: org.apache.velocity.runtime.directive.Define
2020-12-17 09:24:26,959 - Loaded System Directive: org.apache.velocity.runtime.directive.Break
2020-12-17 09:24:26,960 - Loaded System Directive: org.apache.velocity.runtime.directive.Evaluate
2020-12-17 09:24:26,961 - Loaded System Directive: org.apache.velocity.runtime.directive.Literal
2020-12-17 09:24:26,964 - Loaded System Directive: org.apache.velocity.runtime.directive.Macro
2020-12-17 09:24:26,966 - Loaded System Directive: org.apache.velocity.runtime.directive.Parse
2020-12-17 09:24:26,968 - Loaded System Directive: org.apache.velocity.runtime.directive.Include
2020-12-17 09:24:26,969 - Loaded System Directive: org.apache.velocity.runtime.directive.Foreach
2020-12-17 09:24:27,005 - Created '20' parsers.
2020-12-17 09:24:27,013 - Velocimacro : "velocimacro.library" is not set.  Trying default library: VM_global_library.vm
2020-12-17 09:24:27,014 - Could not load resource 'VM_global_library.vm' from ResourceLoader org.apache.velocity.runtime.resource.loader.ClasspathResourceLoader: ClasspathResourceLoader Error: cannot find resource VM_global_library.vm
2020-12-17 09:24:27,014 - Velocimacro : Default library not found.
2020-12-17 09:24:27,014 - Velocimacro : allowInline = true : VMs can be defined inline in templates
2020-12-17 09:24:27,014 - Velocimacro : allowInlineToOverride = false : VMs defined inline may NOT replace previous VM definitions
2020-12-17 09:24:27,014 - Velocimacro : allowInlineLocal = false : VMs defined inline will be global in scope if allowed.
2020-12-17 09:24:27,014 - Velocimacro : autoload off : VM system will not automatically reload global library macros
2020-12-17 09:24:27,044 - ResourceManager : found /templates/mapper.xml.vm with loader org.apache.velocity.runtime.resource.loader.ClasspathResourceLoader
2020-12-17 09:24:27,109 - ResourceManager : found /templates/entity.java.vm with loader org.apache.velocity.runtime.resource.loader.ClasspathResourceLoader
2020-12-17 09:24:27,112 - Left side (${versionFieldName}) of '==' operation has null value. If it is a reference, it may not be in the context or its toString() returned null. /templates/entity.java.vm[line 92, column 26]
2020-12-17 09:24:27,113 - Left side (${logicDeleteFieldName}) of '==' operation has null value. If it is a reference, it may not be in the context or its toString() returned null. /templates/entity.java.vm[line 96, column 30]
2020-12-17 09:24:27,113 - Left side (${versionFieldName}) of '==' operation has null value. If it is a reference, it may not be in the context or its toString() returned null. /templates/entity.java.vm[line 92, column 26]
2020-12-17 09:24:27,113 - Left side (${logicDeleteFieldName}) of '==' operation has null value. If it is a reference, it may not be in the context or its toString() returned null. /templates/entity.java.vm[line 96, column 30]
2020-12-17 09:24:27,114 - Left side (${versionFieldName}) of '==' operation has null value. If it is a reference, it may not be in the context or its toString() returned null. /templates/entity.java.vm[line 92, column 26]
2020-12-17 09:24:27,114 - Left side (${logicDeleteFieldName}) of '==' operation has null value. If it is a reference, it may not be in the context or its toString() returned null. /templates/entity.java.vm[line 96, column 30]
2020-12-17 09:24:27,115 - Left side (${versionFieldName}) of '==' operation has null value. If it is a reference, it may not be in the context or its toString() returned null. /templates/entity.java.vm[line 92, column 26]
2020-12-17 09:24:27,115 - Left side (${logicDeleteFieldName}) of '==' operation has null value. If it is a reference, it may not be in the context or its toString() returned null. /templates/entity.java.vm[line 96, column 30]
2020-12-17 09:24:27,115 - Left side (${versionFieldName}) of '==' operation has null value. If it is a reference, it may not be in the context or its toString() returned null. /templates/entity.java.vm[line 92, column 26]
2020-12-17 09:24:27,117 - Left side (${logicDeleteFieldName}) of '==' operation has null value. If it is a reference, it may not be in the context or its toString() returned null. /templates/entity.java.vm[line 96, column 30]
2020-12-17 09:24:27,118 - Left side (${versionFieldName}) of '==' operation has null value. If it is a reference, it may not be in the context or its toString() returned null. /templates/entity.java.vm[line 92, column 26]
2020-12-17 09:24:27,119 - Left side (${logicDeleteFieldName}) of '==' operation has null value. If it is a reference, it may not be in the context or its toString() returned null. /templates/entity.java.vm[line 96, column 30]
2020-12-17 09:24:27,119 - Left side (${versionFieldName}) of '==' operation has null value. If it is a reference, it may not be in the context or its toString() returned null. /templates/entity.java.vm[line 92, column 26]
2020-12-17 09:24:27,119 - Left side (${logicDeleteFieldName}) of '==' operation has null value. If it is a reference, it may not be in the context or its toString() returned null. /templates/entity.java.vm[line 96, column 30]
2020-12-17 09:24:27,119 - Left side (${versionFieldName}) of '==' operation has null value. If it is a reference, it may not be in the context or its toString() returned null. /templates/entity.java.vm[line 92, column 26]
2020-12-17 09:24:27,119 - Left side (${logicDeleteFieldName}) of '==' operation has null value. If it is a reference, it may not be in the context or its toString() returned null. /templates/entity.java.vm[line 96, column 30]
2020-12-17 09:24:27,126 - Left side (${versionFieldName}) of '==' operation has null value. If it is a reference, it may not be in the context or its toString() returned null. /templates/entity.java.vm[line 92, column 26]
2020-12-17 09:24:27,126 - Left side (${logicDeleteFieldName}) of '==' operation has null value. If it is a reference, it may not be in the context or its toString() returned null. /templates/entity.java.vm[line 96, column 30]
2020-12-17 09:24:27,126 - Left side (${versionFieldName}) of '==' operation has null value. If it is a reference, it may not be in the context or its toString() returned null. /templates/entity.java.vm[line 92, column 26]
2020-12-17 09:24:27,126 - Left side (${logicDeleteFieldName}) of '==' operation has null value. If it is a reference, it may not be in the context or its toString() returned null. /templates/entity.java.vm[line 96, column 30]
2020-12-17 09:24:27,157 - ResourceManager : found /templates/mapper.java.vm with loader org.apache.velocity.runtime.resource.loader.ClasspathResourceLoader
2020-12-17 09:24:27,166 - ResourceManager : found /templates/service.java.vm with loader org.apache.velocity.runtime.resource.loader.ClasspathResourceLoader
2020-12-17 09:24:27,177 - ResourceManager : found /templates/serviceImpl.java.vm with loader org.apache.velocity.runtime.resource.loader.ClasspathResourceLoader
2020-12-17 09:24:27,194 - ResourceManager : found /templates/controller.java.vm with loader org.apache.velocity.runtime.resource.loader.ClasspathResourceLoader
2020-12-17 09:24:27,210 - ResourceManager : found /templates/mapper.xml.vm with loader org.apache.velocity.runtime.resource.loader.ClasspathResourceLoader
2020-12-17 09:24:27,231 - ResourceManager : found /templates/entity.java.vm with loader org.apache.velocity.runtime.resource.loader.ClasspathResourceLoader
2020-12-17 09:24:27,234 - Left side (${versionFieldName}) of '==' operation has null value. If it is a reference, it may not be in the context or its toString() returned null. /templates/entity.java.vm[line 92, column 26]
2020-12-17 09:24:27,234 - Left side (${logicDeleteFieldName}) of '==' operation has null value. If it is a reference, it may not be in the context or its toString() returned null. /templates/entity.java.vm[line 96, column 30]
2020-12-17 09:24:27,234 - Left side (${versionFieldName}) of '==' operation has null value. If it is a reference, it may not be in the context or its toString() returned null. /templates/entity.java.vm[line 92, column 26]
2020-12-17 09:24:27,234 - Left side (${logicDeleteFieldName}) of '==' operation has null value. If it is a reference, it may not be in the context or its toString() returned null. /templates/entity.java.vm[line 96, column 30]
2020-12-17 09:24:27,235 - Left side (${versionFieldName}) of '==' operation has null value. If it is a reference, it may not be in the context or its toString() returned null. /templates/entity.java.vm[line 92, column 26]
2020-12-17 09:24:27,235 - Left side (${logicDeleteFieldName}) of '==' operation has null value. If it is a reference, it may not be in the context or its toString() returned null. /templates/entity.java.vm[line 96, column 30]
2020-12-17 09:24:27,235 - Left side (${versionFieldName}) of '==' operation has null value. If it is a reference, it may not be in the context or its toString() returned null. /templates/entity.java.vm[line 92, column 26]
2020-12-17 09:24:27,236 - Left side (${logicDeleteFieldName}) of '==' operation has null value. If it is a reference, it may not be in the context or its toString() returned null. /templates/entity.java.vm[line 96, column 30]
2020-12-17 09:24:27,241 - ResourceManager : found /templates/mapper.java.vm with loader org.apache.velocity.runtime.resource.loader.ClasspathResourceLoader
2020-12-17 09:24:27,251 - ResourceManager : found /templates/service.java.vm with loader org.apache.velocity.runtime.resource.loader.ClasspathResourceLoader
2020-12-17 09:24:27,275 - ResourceManager : found /templates/serviceImpl.java.vm with loader org.apache.velocity.runtime.resource.loader.ClasspathResourceLoader
2020-12-17 09:24:27,301 - ResourceManager : found /templates/controller.java.vm with loader org.apache.velocity.runtime.resource.loader.ClasspathResourceLoader
2020-12-17 09:24:27,306 - ResourceManager : found /templates/mapper.xml.vm with loader org.apache.velocity.runtime.resource.loader.ClasspathResourceLoader
2020-12-17 09:24:27,377 - ResourceManager : found /templates/entity.java.vm with loader org.apache.velocity.runtime.resource.loader.ClasspathResourceLoader
2020-12-17 09:24:27,381 - Left side (${versionFieldName}) of '==' operation has null value. If it is a reference, it may not be in the context or its toString() returned null. /templates/entity.java.vm[line 92, column 26]
2020-12-17 09:24:27,381 - Left side (${logicDeleteFieldName}) of '==' operation has null value. If it is a reference, it may not be in the context or its toString() returned null. /templates/entity.java.vm[line 96, column 30]
2020-12-17 09:24:27,382 - Left side (${versionFieldName}) of '==' operation has null value. If it is a reference, it may not be in the context or its toString() returned null. /templates/entity.java.vm[line 92, column 26]
2020-12-17 09:24:27,382 - Left side (${logicDeleteFieldName}) of '==' operation has null value. If it is a reference, it may not be in the context or its toString() returned null. /templates/entity.java.vm[line 96, column 30]
2020-12-17 09:24:27,382 - Left side (${versionFieldName}) of '==' operation has null value. If it is a reference, it may not be in the context or its toString() returned null. /templates/entity.java.vm[line 92, column 26]
2020-12-17 09:24:27,382 - Left side (${logicDeleteFieldName}) of '==' operation has null value. If it is a reference, it may not be in the context or its toString() returned null. /templates/entity.java.vm[line 96, column 30]
2020-12-17 09:24:27,382 - Left side (${versionFieldName}) of '==' operation has null value. If it is a reference, it may not be in the context or its toString() returned null. /templates/entity.java.vm[line 92, column 26]
2020-12-17 09:24:27,384 - Left side (${logicDeleteFieldName}) of '==' operation has null value. If it is a reference, it may not be in the context or its toString() returned null. /templates/entity.java.vm[line 96, column 30]
2020-12-17 09:24:27,390 - ResourceManager : found /templates/mapper.java.vm with loader org.apache.velocity.runtime.resource.loader.ClasspathResourceLoader
2020-12-17 09:24:27,397 - ResourceManager : found /templates/service.java.vm with loader org.apache.velocity.runtime.resource.loader.ClasspathResourceLoader
2020-12-17 09:24:27,400 - ResourceManager : found /templates/serviceImpl.java.vm with loader org.apache.velocity.runtime.resource.loader.ClasspathResourceLoader
2020-12-17 09:24:27,407 - ResourceManager : found /templates/controller.java.vm with loader org.apache.velocity.runtime.resource.loader.ClasspathResourceLoader
2020-12-17 09:24:27,421 - ResourceManager : found /templates/mapper.xml.vm with loader org.apache.velocity.runtime.resource.loader.ClasspathResourceLoader
2020-12-17 09:24:27,430 - ResourceManager : found /templates/entity.java.vm with loader org.apache.velocity.runtime.resource.loader.ClasspathResourceLoader
2020-12-17 09:24:27,432 - Left side (${versionFieldName}) of '==' operation has null value. If it is a reference, it may not be in the context or its toString() returned null. /templates/entity.java.vm[line 92, column 26]
2020-12-17 09:24:27,432 - Left side (${logicDeleteFieldName}) of '==' operation has null value. If it is a reference, it may not be in the context or its toString() returned null. /templates/entity.java.vm[line 96, column 30]
2020-12-17 09:24:27,433 - Left side (${versionFieldName}) of '==' operation has null value. If it is a reference, it may not be in the context or its toString() returned null. /templates/entity.java.vm[line 92, column 26]
2020-12-17 09:24:27,434 - Left side (${logicDeleteFieldName}) of '==' operation has null value. If it is a reference, it may not be in the context or its toString() returned null. /templates/entity.java.vm[line 96, column 30]
2020-12-17 09:24:27,434 - Left side (${versionFieldName}) of '==' operation has null value. If it is a reference, it may not be in the context or its toString() returned null. /templates/entity.java.vm[line 92, column 26]
2020-12-17 09:24:27,434 - Left side (${logicDeleteFieldName}) of '==' operation has null value. If it is a reference, it may not be in the context or its toString() returned null. /templates/entity.java.vm[line 96, column 30]
2020-12-17 09:24:27,455 - ResourceManager : found /templates/mapper.java.vm with loader org.apache.velocity.runtime.resource.loader.ClasspathResourceLoader
2020-12-17 09:24:27,461 - ResourceManager : found /templates/service.java.vm with loader org.apache.velocity.runtime.resource.loader.ClasspathResourceLoader
2020-12-17 09:24:27,473 - ResourceManager : found /templates/serviceImpl.java.vm with loader org.apache.velocity.runtime.resource.loader.ClasspathResourceLoader
2020-12-17 09:24:27,485 - ResourceManager : found /templates/controller.java.vm with loader org.apache.velocity.runtime.resource.loader.ClasspathResourceLoader
2020-12-17 09:24:27,540 - ResourceManager : found /templates/mapper.xml.vm with loader org.apache.velocity.runtime.resource.loader.ClasspathResourceLoader
2020-12-17 09:24:27,558 - ResourceManager : found /templates/entity.java.vm with loader org.apache.velocity.runtime.resource.loader.ClasspathResourceLoader
2020-12-17 09:24:27,562 - Left side (${versionFieldName}) of '==' operation has null value. If it is a reference, it may not be in the context or its toString() returned null. /templates/entity.java.vm[line 92, column 26]
2020-12-17 09:24:27,563 - Left side (${logicDeleteFieldName}) of '==' operation has null value. If it is a reference, it may not be in the context or its toString() returned null. /templates/entity.java.vm[line 96, column 30]
2020-12-17 09:24:27,563 - Left side (${versionFieldName}) of '==' operation has null value. If it is a reference, it may not be in the context or its toString() returned null. /templates/entity.java.vm[line 92, column 26]
2020-12-17 09:24:27,563 - Left side (${logicDeleteFieldName}) of '==' operation has null value. If it is a reference, it may not be in the context or its toString() returned null. /templates/entity.java.vm[line 96, column 30]
2020-12-17 09:24:27,563 - Left side (${versionFieldName}) of '==' operation has null value. If it is a reference, it may not be in the context or its toString() returned null. /templates/entity.java.vm[line 92, column 26]
2020-12-17 09:24:27,563 - Left side (${logicDeleteFieldName}) of '==' operation has null value. If it is a reference, it may not be in the context or its toString() returned null. /templates/entity.java.vm[line 96, column 30]
2020-12-17 09:24:27,569 - ResourceManager : found /templates/mapper.java.vm with loader org.apache.velocity.runtime.resource.loader.ClasspathResourceLoader
2020-12-17 09:24:27,572 - ResourceManager : found /templates/service.java.vm with loader org.apache.velocity.runtime.resource.loader.ClasspathResourceLoader
2020-12-17 09:24:27,582 - ResourceManager : found /templates/serviceImpl.java.vm with loader org.apache.velocity.runtime.resource.loader.ClasspathResourceLoader
2020-12-17 09:24:27,586 - ResourceManager : found /templates/controller.java.vm with loader org.apache.velocity.runtime.resource.loader.ClasspathResourceLoader
2020-12-17 13:14:23,620 - Log4JLogChute initialized using file 'velocity.log'
2020-12-17 13:14:23,621 - Initializing Velocity, Calling init()...
2020-12-17 13:14:23,621 - Starting Apache Velocity v1.7 (compiled: 2010-11-19 12:14:37)
2020-12-17 13:14:23,621 - Default Properties File: org\apache\velocity\runtime\defaults\velocity.properties
2020-12-17 13:14:23,621 - Trying to use logger class org.apache.velocity.runtime.log.AvalonLogChute
2020-12-17 13:14:23,621 - Target log system for org.apache.velocity.runtime.log.AvalonLogChute is not available (java.lang.NoClassDefFoundError: org/apache/log/format/Formatter).  Falling back to next log system...
2020-12-17 13:14:23,621 - Trying to use logger class org.apache.velocity.runtime.log.Log4JLogChute
2020-12-17 13:14:23,621 - Using logger class org.apache.velocity.runtime.log.Log4JLogChute
2020-12-17 13:14:23,626 - ResourceLoader instantiated: org.apache.velocity.runtime.resource.loader.ClasspathResourceLoader
2020-12-17 13:14:23,643 - ResourceCache: initialized (class org.apache.velocity.runtime.resource.ResourceCacheImpl) with class java.util.Collections$SynchronizedMap cache map.
2020-12-17 13:14:23,645 - Loaded System Directive: org.apache.velocity.runtime.directive.Stop
2020-12-17 13:14:23,647 - Loaded System Directive: org.apache.velocity.runtime.directive.Define
2020-12-17 13:14:23,650 - Loaded System Directive: org.apache.velocity.runtime.directive.Break
2020-12-17 13:14:23,651 - Loaded System Directive: org.apache.velocity.runtime.directive.Evaluate
2020-12-17 13:14:23,652 - Loaded System Directive: org.apache.velocity.runtime.directive.Literal
2020-12-17 13:14:23,654 - Loaded System Directive: org.apache.velocity.runtime.directive.Macro
2020-12-17 13:14:23,656 - Loaded System Directive: org.apache.velocity.runtime.directive.Parse
2020-12-17 13:14:23,657 - Loaded System Directive: org.apache.velocity.runtime.directive.Include
2020-12-17 13:14:23,659 - Loaded System Directive: org.apache.velocity.runtime.directive.Foreach
2020-12-17 13:14:23,696 - Created '20' parsers.
2020-12-17 13:14:23,704 - Velocimacro : "velocimacro.library" is not set.  Trying default library: VM_global_library.vm
2020-12-17 13:14:23,705 - Could not load resource 'VM_global_library.vm' from ResourceLoader org.apache.velocity.runtime.resource.loader.ClasspathResourceLoader: ClasspathResourceLoader Error: cannot find resource VM_global_library.vm
2020-12-17 13:14:23,705 - Velocimacro : Default library not found.
2020-12-17 13:14:23,705 - Velocimacro : allowInline = true : VMs can be defined inline in templates
2020-12-17 13:14:23,705 - Velocimacro : allowInlineToOverride = false : VMs defined inline may NOT replace previous VM definitions
2020-12-17 13:14:23,705 - Velocimacro : allowInlineLocal = false : VMs defined inline will be global in scope if allowed.
2020-12-17 13:14:23,705 - Velocimacro : autoload off : VM system will not automatically reload global library macros
2020-12-17 13:14:23,730 - ResourceManager : found /templates/mapper.xml.vm with loader org.apache.velocity.runtime.resource.loader.ClasspathResourceLoader
2020-12-17 13:14:23,791 - ResourceManager : found /templates/entity.java.vm with loader org.apache.velocity.runtime.resource.loader.ClasspathResourceLoader
2020-12-17 13:14:23,794 - Left side (${versionFieldName}) of '==' operation has null value. If it is a reference, it may not be in the context or its toString() returned null. /templates/entity.java.vm[line 92, column 26]
2020-12-17 13:14:23,794 - Left side (${logicDeleteFieldName}) of '==' operation has null value. If it is a reference, it may not be in the context or its toString() returned null. /templates/entity.java.vm[line 96, column 30]
2020-12-17 13:14:23,795 - Left side (${versionFieldName}) of '==' operation has null value. If it is a reference, it may not be in the context or its toString() returned null. /templates/entity.java.vm[line 92, column 26]
2020-12-17 13:14:23,796 - Left side (${logicDeleteFieldName}) of '==' operation has null value. If it is a reference, it may not be in the context or its toString() returned null. /templates/entity.java.vm[line 96, column 30]
2020-12-17 13:14:23,797 - Left side (${versionFieldName}) of '==' operation has null value. If it is a reference, it may not be in the context or its toString() returned null. /templates/entity.java.vm[line 92, column 26]
2020-12-17 13:14:23,797 - Left side (${logicDeleteFieldName}) of '==' operation has null value. If it is a reference, it may not be in the context or its toString() returned null. /templates/entity.java.vm[line 96, column 30]
2020-12-17 13:14:23,797 - Left side (${versionFieldName}) of '==' operation has null value. If it is a reference, it may not be in the context or its toString() returned null. /templates/entity.java.vm[line 92, column 26]
2020-12-17 13:14:23,798 - Left side (${logicDeleteFieldName}) of '==' operation has null value. If it is a reference, it may not be in the context or its toString() returned null. /templates/entity.java.vm[line 96, column 30]
2020-12-17 13:14:23,798 - Left side (${versionFieldName}) of '==' operation has null value. If it is a reference, it may not be in the context or its toString() returned null. /templates/entity.java.vm[line 92, column 26]
2020-12-17 13:14:23,798 - Left side (${logicDeleteFieldName}) of '==' operation has null value. If it is a reference, it may not be in the context or its toString() returned null. /templates/entity.java.vm[line 96, column 30]
2020-12-17 13:14:23,799 - Left side (${versionFieldName}) of '==' operation has null value. If it is a reference, it may not be in the context or its toString() returned null. /templates/entity.java.vm[line 92, column 26]
2020-12-17 13:14:23,799 - Left side (${logicDeleteFieldName}) of '==' operation has null value. If it is a reference, it may not be in the context or its toString() returned null. /templates/entity.java.vm[line 96, column 30]
2020-12-17 13:14:23,799 - Left side (${versionFieldName}) of '==' operation has null value. If it is a reference, it may not be in the context or its toString() returned null. /templates/entity.java.vm[line 92, column 26]
2020-12-17 13:14:23,799 - Left side (${logicDeleteFieldName}) of '==' operation has null value. If it is a reference, it may not be in the context or its toString() returned null. /templates/entity.java.vm[line 96, column 30]
2020-12-17 13:14:23,799 - Left side (${versionFieldName}) of '==' operation has null value. If it is a reference, it may not be in the context or its toString() returned null. /templates/entity.java.vm[line 92, column 26]
2020-12-17 13:14:23,799 - Left side (${logicDeleteFieldName}) of '==' operation has null value. If it is a reference, it may not be in the context or its toString() returned null. /templates/entity.java.vm[line 96, column 30]
2020-12-17 13:14:23,800 - Left side (${versionFieldName}) of '==' operation has null value. If it is a reference, it may not be in the context or its toString() returned null. /templates/entity.java.vm[line 92, column 26]
2020-12-17 13:14:23,800 - Left side (${logicDeleteFieldName}) of '==' operation has null value. If it is a reference, it may not be in the context or its toString() returned null. /templates/entity.java.vm[line 96, column 30]
2020-12-17 13:14:23,800 - Left side (${versionFieldName}) of '==' operation has null value. If it is a reference, it may not be in the context or its toString() returned null. /templates/entity.java.vm[line 92, column 26]
2020-12-17 13:14:23,800 - Left side (${logicDeleteFieldName}) of '==' operation has null value. If it is a reference, it may not be in the context or its toString() returned null. /templates/entity.java.vm[line 96, column 30]
2020-12-17 13:14:23,800 - Left side (${versionFieldName}) of '==' operation has null value. If it is a reference, it may not be in the context or its toString() returned null. /templates/entity.java.vm[line 92, column 26]
2020-12-17 13:14:23,800 - Left side (${logicDeleteFieldName}) of '==' operation has null value. If it is a reference, it may not be in the context or its toString() returned null. /templates/entity.java.vm[line 96, column 30]
2020-12-17 13:14:23,809 - Left side (${versionFieldName}) of '==' operation has null value. If it is a reference, it may not be in the context or its toString() returned null. /templates/entity.java.vm[line 92, column 26]
2020-12-17 13:14:23,809 - Left side (${logicDeleteFieldName}) of '==' operation has null value. If it is a reference, it may not be in the context or its toString() returned null. /templates/entity.java.vm[line 96, column 30]
2020-12-17 13:14:23,835 - ResourceManager : found /templates/mapper.java.vm with loader org.apache.velocity.runtime.resource.loader.ClasspathResourceLoader
2020-12-17 13:14:23,839 - ResourceManager : found /templates/service.java.vm with loader org.apache.velocity.runtime.resource.loader.ClasspathResourceLoader
2020-12-17 13:14:23,843 - ResourceManager : found /templates/serviceImpl.java.vm with loader org.apache.velocity.runtime.resource.loader.ClasspathResourceLoader
2020-12-17 13:14:23,851 - ResourceManager : found /templates/controller.java.vm with loader org.apache.velocity.runtime.resource.loader.ClasspathResourceLoader
